
ROM used: 2103 (26%)
          2187 (27%) including unused fragments

          2 Average locations per line
          10 Average locations per statement

RAM used: 17 (5%) at main() level
          47 (13%) worst case

Stack used: 8 worst case (out of 8 total available)

Lines Stmts  %   Files
----- ----- ---  -----
  246   120  59  final.c
  326     0   0  ..\..\..\..\Program Files (x86)\PICC\devices\16f877a.h
  348    83  41  ..\..\..\..\Program Files (x86)\PICC\drivers\lcd.c
----- -----
  920   203 Total

Page ROM  %  RAM   Vol Diff  Functions:
---- --- --- ---   --- ----  ----------
0     20   1   1             @delay_ms1
0      8   0   0             @const76
 Inline        3   751  4.5  lcd_read_byte
 Inline        2   254  3.7  lcd_read_nibble
0     46   2   1   391  2.4  lcd_send_nibble
0    183   9   3   313  3.4  lcd_send_byte
0     70   3   2   660  4.9  lcd_init
0     18   1   4   186  5.5  lcd_gotoxy
0     43   2   1   272  4.1  lcd_putc
0     38   2   1   240  4.0  isr_rb
0    112   5   0   826  8.5  estado0
0      9   0   0             @const105
0     70   3   3             @PSTRINGC7_94
0      9   0   0             @const107
0      9   0   0             @const108
0      9   0   0             @const109
0      9   0   0             @const110
0      9   0   0             @const111
0    229  11   5   533  6.0  estado1
0      9   0   0             @const114
 Inline        2             @ITOF
0    117   6  13             @MULFF
0      9   0   0             @const120
 Inline        5             @FTOSD
 Inline       13             @DIV3232
0    360  17  13             @PRINTF_L32D_94FPFPF
 Inline        4             @PSTRINGCN7_94
0      8   0   0             @goto10279
0    229  11   5   533  6.0  estado2
0      9   0   0             @const134
0      9   0   0             @const135
0      8   0   0             @goto10306
0    223  11   5   533  6.0  estado3
0      9   0   0             @const139
0     10   0   0             @const140
0      8   0   0             @goto10333
1    131   6   1   539  4.2  MAIN
0      9   0   0             @const144
0      9   0   0             @const145
1      8   0   0             @goto10358

Program metrics:
    Functions               13
    Statements              203
    Comments                206
    Volume (V)              9949
    Difficilty (D)          60.2
    Effort to implement (E) 598759
    Time to implement (T)   9 hours, 14 minutes
    Est Delivered Bugs (B)  2
    Cyclomatic Complexity   38
    Maintainability (MI)    85

 Segment     Used  Free
-----------  ----  ----
00000-00003     4  0  
00004-0002E    43  0  
0002F-007FF  1917  84  
00800-00FFF   139  1909  
01000-017FF     0  2048  
01800-01FFF     0  2048  



